[INFO  2025/12/03 13:19:43] ...zy/mason.nvim/lua/mason-core/installer/InstallRunner.lua:40: Executing installer for Package(name=stylua) {
  debug = false,
  force = false,
  strict = false
}
[INFO  2025/12/03 13:19:43] ...zy/mason.nvim/lua/mason-core/installer/InstallRunner.lua:40: Executing installer for Package(name=shfmt) {
  debug = false,
  force = false,
  strict = false
}
[INFO  2025/12/03 13:19:43] ...zy/mason.nvim/lua/mason-core/installer/InstallRunner.lua:40: Executing installer for Package(name=pyright) {
  debug = false,
  force = false,
  strict = false
}
[INFO  2025/12/03 13:19:43] ...zy/mason.nvim/lua/mason-core/installer/InstallRunner.lua:40: Executing installer for Package(name=omnisharp) {
  debug = false,
  force = false,
  strict = false
}
[INFO  2025/12/03 13:19:43] ...zy/mason.nvim/lua/mason-core/installer/InstallRunner.lua:40: Executing installer for Package(name=lua-language-server) {
  debug = false,
  force = false,
  strict = false
}
[INFO  2025/12/03 13:19:43] ...zy/mason.nvim/lua/mason-core/installer/InstallRunner.lua:40: Executing installer for Package(name=vim-language-server) {
  debug = false,
  force = false,
  strict = false
}
[INFO  2025/12/03 13:19:43] ...zy/mason.nvim/lua/mason-core/installer/InstallRunner.lua:40: Executing installer for Package(name=black) {
  debug = false,
  force = false,
  strict = false
}
[INFO  2025/12/03 13:19:43] ...zy/mason.nvim/lua/mason-core/installer/InstallRunner.lua:40: Executing installer for Package(name=isort) {
  debug = false,
  force = false,
  strict = false
}
[INFO  2025/12/03 13:19:46] ...zy/mason.nvim/lua/mason-core/installer/InstallRunner.lua:86: Installation succeeded for Package(name=shfmt)
[INFO  2025/12/03 13:19:46] ...zy/mason.nvim/lua/mason-core/installer/InstallRunner.lua:86: Installation succeeded for Package(name=stylua)
[INFO  2025/12/03 13:19:52] ...zy/mason.nvim/lua/mason-core/installer/InstallRunner.lua:86: Installation succeeded for Package(name=lua-language-server)
[INFO  2025/12/03 13:19:56] ...zy/mason.nvim/lua/mason-core/installer/InstallRunner.lua:86: Installation succeeded for Package(name=omnisharp)
[INFO  2025/12/03 13:20:01] ...zy/mason.nvim/lua/mason-core/installer/InstallRunner.lua:86: Installation succeeded for Package(name=vim-language-server)
[ERROR 2025/12/03 13:20:05] ...zy/mason.nvim/lua/mason-core/installer/InstallRunner.lua:93: Installation failed for Package(name=isort) error="Installation was aborted."
[ERROR 2025/12/03 13:20:05] ...zy/mason.nvim/lua/mason-core/installer/InstallRunner.lua:93: Installation failed for Package(name=pyright) error="Installation was aborted."
[ERROR 2025/12/03 13:20:05] ...zy/mason.nvim/lua/mason-core/installer/InstallRunner.lua:93: Installation failed for Package(name=black) error="Installation was aborted."
[INFO  2025/12/03 13:20:53] ...zy/mason.nvim/lua/mason-core/installer/InstallRunner.lua:40: Executing installer for Package(name=pyright) {
  debug = false,
  force = false,
  strict = false
}
[INFO  2025/12/03 13:20:53] ...zy/mason.nvim/lua/mason-core/installer/InstallRunner.lua:40: Executing installer for Package(name=black) {
  debug = false,
  force = false,
  strict = false
}
[INFO  2025/12/03 13:20:53] ...zy/mason.nvim/lua/mason-core/installer/InstallRunner.lua:40: Executing installer for Package(name=isort) {
  debug = false,
  force = false,
  strict = false
}
[INFO  2025/12/03 13:20:53] ...zy/mason.nvim/lua/mason-core/installer/InstallRunner.lua:40: Executing installer for Package(name=csharpier) {
  debug = false,
  force = false,
  strict = false
}
[INFO  2025/12/03 13:20:53] ...zy/mason.nvim/lua/mason-core/installer/InstallRunner.lua:40: Executing installer for Package(name=ruff) {
  debug = false,
  force = false,
  strict = false
}
[INFO  2025/12/03 13:20:53] ...zy/mason.nvim/lua/mason-core/installer/InstallRunner.lua:40: Executing installer for Package(name=debugpy) {
  debug = false,
  force = false,
  strict = false
}
[INFO  2025/12/03 13:20:53] ...zy/mason.nvim/lua/mason-core/installer/InstallRunner.lua:40: Executing installer for Package(name=netcoredbg) {
  debug = false,
  force = false,
  strict = false
}
[INFO  2025/12/03 13:21:01] ...zy/mason.nvim/lua/mason-core/installer/InstallRunner.lua:86: Installation succeeded for Package(name=pyright)
[INFO  2025/12/03 13:21:01] ...zy/mason.nvim/lua/mason-core/installer/InstallRunner.lua:86: Installation succeeded for Package(name=isort)
[INFO  2025/12/03 13:21:02] ...zy/mason.nvim/lua/mason-core/installer/InstallRunner.lua:86: Installation succeeded for Package(name=black)
[INFO  2025/12/03 13:21:03] ...zy/mason.nvim/lua/mason-core/installer/InstallRunner.lua:86: Installation succeeded for Package(name=csharpier)
[INFO  2025/12/03 13:21:04] ...zy/mason.nvim/lua/mason-core/installer/InstallRunner.lua:86: Installation succeeded for Package(name=netcoredbg)
[INFO  2025/12/03 13:21:08] ...zy/mason.nvim/lua/mason-core/installer/InstallRunner.lua:86: Installation succeeded for Package(name=ruff)
[INFO  2025/12/03 13:21:11] ...zy/mason.nvim/lua/mason-core/installer/InstallRunner.lua:86: Installation succeeded for Package(name=debugpy)
[INFO  2025/12/03 13:21:24] ...zy/mason.nvim/lua/mason-core/installer/InstallRunner.lua:40: Executing installer for Package(name=gdtoolkit) {
  debug = false,
  force = false,
  strict = false
}
[INFO  2025/12/03 13:21:37] ...zy/mason.nvim/lua/mason-core/installer/InstallRunner.lua:86: Installation succeeded for Package(name=gdtoolkit)
[INFO  2025/12/03 13:25:37] ...zy/mason.nvim/lua/mason-core/installer/InstallRunner.lua:40: Executing installer for Package(name=prettier) {
  debug = false,
  force = false,
  strict = false
}
[INFO  2025/12/03 13:25:37] ...zy/mason.nvim/lua/mason-core/installer/InstallRunner.lua:40: Executing installer for Package(name=cmakelang) {
  debug = false,
  force = false,
  strict = false
}
[INFO  2025/12/03 13:25:37] ...zy/mason.nvim/lua/mason-core/installer/InstallRunner.lua:40: Executing installer for Package(name=cmakelint) {
  debug = false,
  force = false,
  strict = false
}
[INFO  2025/12/03 13:25:37] ...zy/mason.nvim/lua/mason-core/installer/InstallRunner.lua:40: Executing installer for Package(name=fantomas) {
  debug = false,
  force = false,
  strict = false
}
[INFO  2025/12/03 13:25:37] ...zy/mason.nvim/lua/mason-core/installer/InstallRunner.lua:40: Executing installer for Package(name=markdownlint-cli2) {
  debug = false,
  force = false,
  strict = false
}
[INFO  2025/12/03 13:25:37] ...zy/mason.nvim/lua/mason-core/installer/InstallRunner.lua:40: Executing installer for Package(name=markdown-toc) {
  debug = false,
  force = false,
  strict = false
}
[INFO  2025/12/03 13:25:37] ...zy/mason.nvim/lua/mason-core/installer/InstallRunner.lua:40: Executing installer for Package(name=shellcheck) {
  debug = false,
  force = false,
  strict = false
}
[INFO  2025/12/03 13:25:37] ...zy/mason.nvim/lua/mason-core/installer/InstallRunner.lua:40: Executing installer for Package(name=gitui) {
  debug = false,
  force = false,
  strict = false
}
[ERROR 2025/12/03 13:25:38] ...l/nvim-data/lazy/mason.nvim/lua/mason-core/providers.lua:81: Provider "pypi" "get_supported_python_versions" failed: "Package does not specify supported Python versions."
[ERROR 2025/12/03 13:25:38] ...l/nvim-data/lazy/mason.nvim/lua/mason-core/providers.lua:81: Provider "pypi" "get_supported_python_versions" failed: "Package does not specify supported Python versions."
[ERROR 2025/12/03 13:25:38] ...l/nvim-data/lazy/mason.nvim/lua/mason-core/providers.lua:81: Provider "pypi" "get_supported_python_versions" failed: "Package does not specify supported Python versions."
[ERROR 2025/12/03 13:25:38] ...l/nvim-data/lazy/mason.nvim/lua/mason-core/providers.lua:92: No provider implementation succeeded for pypi.get_supported_python_versions
[ERROR 2025/12/03 13:25:38] ...l/nvim-data/lazy/mason.nvim/lua/mason-core/providers.lua:81: Provider "pypi" "get_supported_python_versions" failed: "Package does not specify supported Python versions."
[ERROR 2025/12/03 13:25:38] ...l/nvim-data/lazy/mason.nvim/lua/mason-core/providers.lua:92: No provider implementation succeeded for pypi.get_supported_python_versions
[INFO  2025/12/03 13:25:41] ...zy/mason.nvim/lua/mason-core/installer/InstallRunner.lua:86: Installation succeeded for Package(name=fantomas)
[INFO  2025/12/03 13:25:42] ...zy/mason.nvim/lua/mason-core/installer/InstallRunner.lua:86: Installation succeeded for Package(name=prettier)
[INFO  2025/12/03 13:25:48] ...zy/mason.nvim/lua/mason-core/installer/InstallRunner.lua:86: Installation succeeded for Package(name=cmakelint)
[INFO  2025/12/03 13:25:50] ...zy/mason.nvim/lua/mason-core/installer/InstallRunner.lua:86: Installation succeeded for Package(name=shellcheck)
[INFO  2025/12/03 13:25:50] ...zy/mason.nvim/lua/mason-core/installer/InstallRunner.lua:86: Installation succeeded for Package(name=markdownlint-cli2)
[INFO  2025/12/03 13:25:50] ...zy/mason.nvim/lua/mason-core/installer/InstallRunner.lua:86: Installation succeeded for Package(name=markdown-toc)
[INFO  2025/12/03 13:25:50] ...zy/mason.nvim/lua/mason-core/installer/InstallRunner.lua:86: Installation succeeded for Package(name=cmakelang)
[INFO  2025/12/03 13:25:51] ...zy/mason.nvim/lua/mason-core/installer/InstallRunner.lua:86: Installation succeeded for Package(name=gitui)
